[2024-06-19 13:43:25] DBI Request Details:
Request ID: 106
Requestor: User Admin
Operator: User Admin
Source Code:
select * from porcl1_t;
Test Log:
Date: Wed Jun 19 11:45:13 2024
DBI No.: 106
DB: PreProd DB
DB-User: mndbarw
======================================================
Requestor: User Admin 
Operator: User Admin
Team: Admin Team
======================================================
Database Instance: U_TORCL1
Total Execution Time: 0 ms
======================================================

SQL*Plus: Release 12.2.0.1.0
Copyright (c) 1982, 2022, Oracle.  All rights reserved.

Connected to:
Oracle Database 12c Enterprise Edition Release 12.2.0.1.0 - 64bit Production

SQL> SAVEPOINT before_inserts;
Savepoint created.

SQL> ALTER SESSION SET CURRENT_SCHEMA = U_TORCL1;
Session altered.

SQL> select * from porcl1_t;
0 row(s) affected.

SQL> ROLLBACK TO SAVEPOINT before_inserts;
Rollback complete.

SQL> QUIT
PL/SQL procedure successfully completed.

Prod Log:
Date: Wed Jun 19 13:40:12 2024
DBI No.: 106
DB: Prod DB
DB-User: mndbarw
======================================================
Requestor: User Admin 
Operator: User Admin
Team: Admin Team
======================================================
Database Instance: U_PORCL1
Total Execution Time: 0 ms
======================================================

SQL*Plus: Release 12.2.0.1.0
Copyright (c) 1982, 2022, Oracle.  All rights reserved.

Connected to:
Oracle Database 12c Enterprise Edition Release 12.2.0.1.0 - 64bit Production

SQL> BEGIN TRANSACTION;
SQL> SAVEPOINT before_changes;
Savepoint created.

SQL> ALTER SESSION SET CURRENT_SCHEMA = U_PORCL1;
Session altered.

SQL> select * from porcl1_t;
Result:
1,aaa,aaaa,aaa
2,aaa,aaaa,aaa
1,aaa,aaaa,aaa
2,aaa,aaaa,aaa
1,aaa,aaaa,aaa
2,aaa,aaaa,aaa
100,aaa,aaaa,aaa

SQL> COMMIT;
Commit complete.

SQL> QUIT
PL/SQL procedure successfully completed.

Status:
Request is pending
-----------------------------
