[2024-06-21 11:35:09] DBI Request Details:
Request ID: 122
Requestor: User Requester
Operator: USER SDE
Source Code:
insert into porcl1_t values (999, 'aaa','aaaa','aaa');
Test Log:
Date: Fri Jun 21 11:29:10 2024
DBI No.: 122
DB: PreProd DB
DB-User: mndbarw
======================================================
Requestor: User Requester 
Operator: USER SDE
Team: Linux team
======================================================
Database Instance: U_TORCL1
Total Execution Time: 0 ms
======================================================

SQL*Plus: Release 12.2.0.1.0
Copyright (c) 1982, 2022, Oracle.  All rights reserved.

Connected to:
Oracle Database 12c Enterprise Edition Release 12.2.0.1.0 - 64bit Production

SQL> BEGIN TRANSACTION;
SQL> SAVEPOINT before_changes;
Savepoint created.

SQL> ALTER SESSION SET CURRENT_SCHEMA = U_TORCL1;
Session altered.

SQL> insert into porcl1_t values (999, 'aaa','aaaa','aaa');
1 row(s) affected.

SQL> ROLLBACK TO SAVEPOINT before_changes;
Rollback complete.

SQL> QUIT
PL/SQL procedure successfully completed.

Prod Log:
Date: Fri Jun 21 11:33:43 2024
DBI No.: 122
DB: Prod DB
DB-User: mndbarw
======================================================
Requestor: User Requester 
Operator: USER SDE
Team: Linux team
======================================================
Database Instance: U_PORCL1
Total Execution Time: 0 ms
======================================================

SQL*Plus: Release 12.2.0.1.0
Copyright (c) 1982, 2022, Oracle.  All rights reserved.

Connected to:
Oracle Database 12c Enterprise Edition Release 12.2.0.1.0 - 64bit Production

SQL> BEGIN TRANSACTION;
SQL> SAVEPOINT before_changes;
Savepoint created.

SQL> ALTER SESSION SET CURRENT_SCHEMA = U_PORCL1;
Session altered.

SQL> insert into porcl1_t values (999, 'aaa','aaaa','aaa');
1 row(s) affected.

SQL> COMMIT;
Commit complete.

SQL> QUIT
PL/SQL procedure successfully completed.

Status:
Request is pending
-----------------------------
