[2024-06-11 10:42:36] DBI Request Details:
Request ID: 81
Requestor: User Requester
Operator: USER SDE
Source Code:
insert into porcl1_t values (1, 'aaa','aaaa','aaa');
insert into porcl1_t values (2, 'aaa','aaaa','aaa');
Test Log:
Date: Mon Jun 10 07:36:47 2024
DBI No.: 81
DB: PreProd DB
DB-User: mndbarw
Requestor: User Requester 
Operator: USER SDE
Team: Linux team
Database Instance: U_TORCL1
Total Execution Time: 0 ms


SQL*Plus: Release 19.0.0.0.0 - Production on Mon Jun 10 09:36:46 2024
Version 19.3.0.0.0

Copyright (c) 1982, 2019, Oracle.  All rights reserved.

Last Successful login time: Mon Jun 10 2024 09:35:52 +02:00

Connected to:
Oracle Database 19c Enterprise Edition Release 19.0.0.0.0 - Production
Version 19.3.0.0.0


Session altered.


1 row created.


1 row created.


Commit complete.

SQL> Disconnected from Oracle Database 19c Enterprise Edition Release 19.0.0.0.0 - Production
Version 19.3.0.0.0

Status:
Request Approved by SDE: USER SDE
Email: sdeuser@vodafone.com
-----------------------------
