[2024-06-13 11:55:55] DBI Request Details:
Request ID: 84
Requestor: User Requester
Operator: USER SDE
Source Code:
insert into porcl1_t values (1, 'aaa','aaaa','aaa');
insert into porcl1_t values (2, 'aaa','aaaa','aaa');
Test Log:
Date: Tue Jun 11 14:03:10 2024
DBI No.: 84
DB: PreProd DB
DB-User: mndbarw
Requestor: User Requester 
Operator: USER SDE
Team: Linux team
Database Instance: U_TORCL1
Total Execution Time: 0 ms


SQL*Plus: Release 19.0.0.0.0 - Production on Tue Jun 11 16:03:09 2024
Version 19.3.0.0.0

Copyright (c) 1982, 2019, Oracle.  All rights reserved.

Last Successful login time: Tue Jun 11 2024 15:59:28 +02:00

Connected to:
Oracle Database 19c Enterprise Edition Release 19.0.0.0.0 - Production
Version 19.3.0.0.0


Session altered.


1 row created.


1 row created.


Commit complete.

SQL> Disconnected from Oracle Database 19c Enterprise Edition Release 19.0.0.0.0 - Production
Version 19.3.0.0.0

Prod Log:
Date: Tue Jun 11 14:04:24 2024
DBI No.: 84
DB: Prod DB
DB-User: mndbarw
Requestor: User Requester 
Operator: USER SDE
Team: Linux team
Database Instance: U_PORCL1
Total Execution Time: 0 ms


SQL*Plus: Release 19.0.0.0.0 - Production on Tue Jun 11 16:04:22 2024
Version 19.3.0.0.0

Copyright (c) 1982, 2019, Oracle.  All rights reserved.

Last Successful login time: Tue Jun 11 2024 16:03:09 +02:00

Connected to:
Oracle Database 19c Enterprise Edition Release 19.0.0.0.0 - Production
Version 19.3.0.0.0


Session altered.


1 row created.


1 row created.


Commit complete.

SQL> Disconnected from Oracle Database 19c Enterprise Edition Release 19.0.0.0.0 - Production
Version 19.3.0.0.0

Status:
Request is pending
-----------------------------
