[2024-06-13 16:52:54] DBI Request Details:
Request ID: 85
Requestor: User Admin
Operator: User Admin
Source Code:
insert into porcl1_t values (1, 'aaa','aaaa','aaa');
insert into porcl1_t values (2, 'aaa','aaaa','aaa');
Test Log:
Date: Thu Jun 13 16:52:53 2024
DBI No.: 85
DB: PreProd DB
DB-User: mndbarw
Requestor: User Admin 
Operator: User Admin
Team: Admin Team
Database Instance: U_TORCL1
Total Execution Time: 0 ms


SQL*Plus: Release 19.0.0.0.0 - Production on Thu Jun 13 18:52:52 2024
Version 19.3.0.0.0

Copyright (c) 1982, 2019, Oracle.  All rights reserved.

Last Successful login time: Thu Jun 13 2024 17:17:05 +02:00

Connected to:
Oracle Database 19c Enterprise Edition Release 19.0.0.0.0 - Production
Version 19.3.0.0.0


Session altered.


1 row created.


1 row created.


Commit complete.

SQL> Disconnected from Oracle Database 19c Enterprise Edition Release 19.0.0.0.0 - Production
Version 19.3.0.0.0

Status:
Request is pending
-----------------------------
