[2024-06-17 07:03:38] DBI Request Details:
Request ID: 87
Requestor: User Requester
Operator: USER SDE
Source Code:
insert into porcl1_t values (1,'aaa','aaaa','aaa');
insert into porcl1_t values (2,'aaa','aaaa','aaa');
Test Log:
Date: Sun Jun 16 12:55:22 2024
DBI No.: 87
DB: PreProd DB
DB-User: mndbarw
======================================================
Requestor: User Requester 
Operator: USER SDE
Team: Linux team
======================================================
Database Instance: U_TORCL1
Total Execution Time: 0 ms
======================================================

SQL*Plus: Release 12.2.0.1.0
Copyright (c) 1982, 2022, Oracle.  All rights reserved.

Connected to:
Oracle Database 12c Enterprise Edition Release 12.2.0.1.0 - 64bit Production

SQL> SAVEPOINT before_inserts;
Savepoint created.

SQL> ALTER SESSION SET CURRENT_SCHEMA = U_PORCL1;
Session altered.

SQL> insert into porcl1_t values (1,'aaa','aaaa','aaa');
1 row(s) affected.

SQL> insert into porcl1_t values (2,'aaa','aaaa','aaa');
1 row(s) affected.

SQL> ROLLBACK TO SAVEPOINT before_inserts;
Rollback complete.

SQL> QUIT
PL/SQL procedure successfully completed.

Prod Log:
Date: Sun Jun 16 13:06:19 2024
DBI No.: 87
DB: Prod DB
DB-User: mndbarw
======================================================
Requestor: User Requester 
Operator: USER SDE
Team: Linux team
======================================================
Database Instance: U_PORCL1
Total Execution Time: 0 ms
======================================================

SQL*Plus: Release 12.2.0.1.0
Copyright (c) 1982, 2022, Oracle.  All rights reserved.

Connected to:
Oracle Database 12c Enterprise Edition Release 12.2.0.1.0 - 64bit Production

SQL> SAVEPOINT before_inserts;
Savepoint created.

SQL> ALTER SESSION SET CURRENT_SCHEMA = U_PORCL1;
Session altered.

SQL> insert into porcl1_t values (1,'aaa','aaaa','aaa');
1 row(s) affected.

SQL> insert into porcl1_t values (2,'aaa','aaaa','aaa');
1 row(s) affected.

SQL> QUIT
PL/SQL procedure successfully completed.

Status:
Request is pending
-----------------------------
